# JRE version: OpenJDK Runtime Environment Microsoft-8902769 (17.0.10+7) (build 17.0.10+7-LTS)
# Java VM: OpenJDK 64-Bit Server VM Microsoft-8902769 (17.0.10+7-LTS, mixed mode, sharing, tiered, compressed oops, compressed class ptrs, g1 gc, windows-amd64)
GC Precious Log:
 CPUs: 8 total, 8 available
 Memory: 6081M
 Large Page Support: Disabled
 NUMA Support: Disabled
 Compressed Oops: Enabled (32-bit)
 Heap Region Size: 1M
 Heap Min Capacity: 8M
 Heap Initial Capacity: 96M
 Heap Max Capacity: 2G
 Pre-touch: Disabled
 Parallel Workers: 8
 Concurrent Workers: 2
 Concurrent Refinement Workers: 8
 Periodic GC: Disabled
Heap:
 garbage-first heap   total 260096K, used 189977K [0x0000000080000000, 0x0000000100000000)
  region size 1024K, 43 young (44032K), 2 survivors (2048K)
 Metaspace       used 99917K, committed 100992K, reserved 557056K
  class space    used 13923K, committed 14400K, reserved 425984K
GC Heap History (20 events):
Event: 208.867 GC heap before
{Heap before GC invocations=41 (full 0):
 garbage-first heap   total 233472K, used 192038K [0x0000000080000000, 0x0000000100000000)
  region size 1024K, 88 young (90112K), 2 survivors (2048K)
 Metaspace       used 91102K, committed 92032K, reserved 557056K
  class space    used 12870K, committed 13312K, reserved 425984K
}
Event: 208.880 GC heap after
{Heap after GC invocations=42 (full 0):
 garbage-first heap   total 233472K, used 117530K [0x0000000080000000, 0x0000000100000000)
  region size 1024K, 11 young (11264K), 11 survivors (11264K)
 Metaspace       used 91102K, committed 92032K, reserved 557056K
  class space    used 12870K, committed 13312K, reserved 425984K
}
Event: 212.860 GC heap before
{Heap before GC invocations=42 (full 0):
 garbage-first heap   total 233472K, used 187162K [0x0000000080000000, 0x0000000100000000)
  region size 1024K, 79 young (80896K), 11 survivors (11264K)
 Metaspace       used 97153K, committed 98176K, reserved 557056K
  class space    used 13654K, committed 14144K, reserved 425984K
}
Event: 212.880 GC heap after
{Heap after GC invocations=43 (full 0):
 garbage-first heap   total 233472K, used 125819K [0x0000000080000000, 0x0000000100000000)
  region size 1024K, 9 young (9216K), 9 survivors (9216K)
 Metaspace       used 97153K, committed 98176K, reserved 557056K
  class space    used 13654K, committed 14144K, reserved 425984K
}
Event: 240.574 GC heap before
{Heap before GC invocations=43 (full 0):
 garbage-first heap   total 233472K, used 179067K [0x0000000080000000, 0x0000000100000000)
  region size 1024K, 62 young (63488K), 9 survivors (9216K)
 Metaspace       used 98181K, committed 99264K, reserved 557056K
  class space    used 13778K, committed 14272K, reserved 425984K
}
Event: 240.592 GC heap after
{Heap after GC invocations=44 (full 0):
 garbage-first heap   total 233472K, used 133759K [0x0000000080000000, 0x0000000100000000)
  region size 1024K, 9 young (9216K), 9 survivors (9216K)
 Metaspace       used 98181K, committed 99264K, reserved 557056K
  class space    used 13778K, committed 14272K, reserved 425984K
}
Event: 243.809 GC heap before
{Heap before GC invocations=45 (full 0):
 garbage-first heap   total 239616K, used 194175K [0x0000000080000000, 0x0000000100000000)
  region size 1024K, 63 young (64512K), 9 survivors (9216K)
 Metaspace       used 99700K, committed 100800K, reserved 557056K
  class space    used 13922K, committed 14400K, reserved 425984K
}
Event: 243.826 GC heap after
{Heap after GC invocations=46 (full 0):
 garbage-first heap   total 239616K, used 148660K [0x0000000080000000, 0x0000000100000000)
  region size 1024K, 8 young (8192K), 8 survivors (8192K)
 Metaspace       used 99700K, committed 100800K, reserved 557056K
  class space    used 13922K, committed 14400K, reserved 425984K
}
Event: 243.835 GC heap before
{Heap before GC invocations=46 (full 0):
 garbage-first heap   total 239616K, used 151732K [0x0000000080000000, 0x0000000100000000)
  region size 1024K, 11 young (11264K), 8 survivors (8192K)
 Metaspace       used 99708K, committed 100800K, reserved 557056K
  class space    used 13922K, committed 14400K, reserved 425984K
}
Event: 243.844 GC heap after
{Heap after GC invocations=47 (full 0):
 garbage-first heap   total 239616K, used 150116K [0x0000000080000000, 0x0000000100000000)
  region size 1024K, 2 young (2048K), 2 survivors (2048K)
 Metaspace       used 99708K, committed 100800K, reserved 557056K
  class space    used 13922K, committed 14400K, reserved 425984K
}
Event: 244.013 GC heap before
{Heap before GC invocations=47 (full 0):
 garbage-first heap   total 239616K, used 196196K [0x0000000080000000, 0x0000000100000000)
  region size 1024K, 48 young (49152K), 2 survivors (2048K)
 Metaspace       used 99813K, committed 100992K, reserved 557056K
  class space    used 13922K, committed 14400K, reserved 425984K
}
Event: 244.017 GC heap after
{Heap after GC invocations=48 (full 0):
 garbage-first heap   total 239616K, used 149740K [0x0000000080000000, 0x0000000100000000)
  region size 1024K, 2 young (2048K), 2 survivors (2048K)
 Metaspace       used 99813K, committed 100992K, reserved 557056K
  class space    used 13922K, committed 14400K, reserved 425984K
}
Event: 244.207 GC heap before
{Heap before GC invocations=48 (full 0):
 garbage-first heap   total 239616K, used 197868K [0x0000000080000000, 0x0000000100000000)
  region size 1024K, 50 young (51200K), 2 survivors (2048K)
 Metaspace       used 99823K, committed 100992K, reserved 557056K
  class space    used 13922K, committed 14400K, reserved 425984K
}
Event: 244.211 GC heap after
{Heap after GC invocations=49 (full 0):
 garbage-first heap   total 239616K, used 149646K [0x0000000080000000, 0x0000000100000000)
  region size 1024K, 2 young (2048K), 2 survivors (2048K)
 Metaspace       used 99823K, committed 100992K, reserved 557056K
  class space    used 13922K, committed 14400K, reserved 425984K
}
Event: 244.775 GC heap before
{Heap before GC invocations=50 (full 0):
 garbage-first heap   total 260096K, used 199822K [0x0000000080000000, 0x0000000100000000)
  region size 1024K, 52 young (53248K), 2 survivors (2048K)
 Metaspace       used 99839K, committed 100992K, reserved 557056K
  class space    used 13923K, committed 14400K, reserved 425984K
}
Event: 244.779 GC heap after
{Heap after GC invocations=51 (full 0):
 garbage-first heap   total 260096K, used 150272K [0x0000000080000000, 0x0000000100000000)
  region size 1024K, 2 young (2048K), 2 survivors (2048K)
 Metaspace       used 99839K, committed 100992K, reserved 557056K
  class space    used 13923K, committed 14400K, reserved 425984K
}
Event: 244.811 GC heap before
{Heap before GC invocations=51 (full 0):
 garbage-first heap   total 260096K, used 160512K [0x0000000080000000, 0x0000000100000000)
  region size 1024K, 12 young (12288K), 2 survivors (2048K)
 Metaspace       used 99840K, committed 100992K, reserved 557056K
  class space    used 13923K, committed 14400K, reserved 425984K
}
Event: 244.816 GC heap after
{Heap after GC invocations=52 (full 0):
 garbage-first heap   total 260096K, used 149672K [0x0000000080000000, 0x0000000100000000)
  region size 1024K, 2 young (2048K), 2 survivors (2048K)
 Metaspace       used 99840K, committed 100992K, reserved 557056K
  class space    used 13923K, committed 14400K, reserved 425984K
}
Event: 245.105 GC heap before
{Heap before GC invocations=52 (full 0):
 garbage-first heap   total 260096K, used 213160K [0x0000000080000000, 0x0000000100000000)
  region size 1024K, 65 young (66560K), 2 survivors (2048K)
 Metaspace       used 99860K, committed 100992K, reserved 557056K
  class space    used 13923K, committed 14400K, reserved 425984K
}
Event: 245.108 GC heap after
{Heap after GC invocations=53 (full 0):
 garbage-first heap   total 260096K, used 150124K [0x0000000080000000, 0x0000000100000000)
  region size 1024K, 2 young (2048K), 2 survivors (2048K)
 Metaspace       used 99860K, committed 100992K, reserved 557056K
  class space    used 13923K, committed 14400K, reserved 425984K
}

