# JRE version: OpenJDK Runtime Environment Microsoft-8902769 (17.0.10+7) (build 17.0.10+7-LTS)
# Java VM: OpenJDK 64-Bit Server VM Microsoft-8902769 (17.0.10+7-LTS, mixed mode, sharing, tiered, compressed oops, compressed class ptrs, g1 gc, windows-amd64)
GC Precious Log:
 CPUs: 8 total, 8 available
 Memory: 6081M
 Large Page Support: Disabled
 NUMA Support: Disabled
 Compressed Oops: Enabled (32-bit)
 Heap Region Size: 1M
 Heap Min Capacity: 8M
 Heap Initial Capacity: 96M
 Heap Max Capacity: 2G
 Pre-touch: Disabled
 Parallel Workers: 8
 Concurrent Workers: 2
 Concurrent Refinement Workers: 8
 Periodic GC: Disabled
Heap:
 garbage-first heap   total 283648K, used 117567K [0x0000000080000000, 0x0000000100000000)
  region size 1024K, 1 young (1024K), 1 survivors (1024K)
 Metaspace       used 103789K, committed 104704K, reserved 557056K
  class space    used 14134K, committed 14528K, reserved 425984K
GC Heap History (20 events):
Event: 264.786 GC heap after
{Heap after GC invocations=61 (full 0):
 garbage-first heap   total 283648K, used 100890K [0x0000000080000000, 0x0000000100000000)
  region size 1024K, 2 young (2048K), 2 survivors (2048K)
 Metaspace       used 92812K, committed 93696K, reserved 557056K
  class space    used 13094K, committed 13504K, reserved 425984K
}
Event: 270.529 GC heap before
{Heap before GC invocations=61 (full 0):
 garbage-first heap   total 283648K, used 230938K [0x0000000080000000, 0x0000000100000000)
  region size 1024K, 129 young (132096K), 2 survivors (2048K)
 Metaspace       used 95373K, committed 96320K, reserved 557056K
  class space    used 13391K, committed 13824K, reserved 425984K
}
Event: 270.540 GC heap after
{Heap after GC invocations=62 (full 0):
 garbage-first heap   total 283648K, used 106260K [0x0000000080000000, 0x0000000100000000)
  region size 1024K, 7 young (7168K), 7 survivors (7168K)
 Metaspace       used 95373K, committed 96320K, reserved 557056K
  class space    used 13391K, committed 13824K, reserved 425984K
}
Event: 308.668 GC heap before
{Heap before GC invocations=63 (full 0):
 garbage-first heap   total 283648K, used 228116K [0x0000000080000000, 0x0000000100000000)
  region size 1024K, 127 young (130048K), 7 survivors (7168K)
 Metaspace       used 102740K, committed 103616K, reserved 557056K
  class space    used 14133K, committed 14528K, reserved 425984K
}
Event: 308.744 GC heap after
{Heap after GC invocations=64 (full 0):
 garbage-first heap   total 283648K, used 111448K [0x0000000080000000, 0x0000000100000000)
  region size 1024K, 12 young (12288K), 12 survivors (12288K)
 Metaspace       used 102740K, committed 103616K, reserved 557056K
  class space    used 14133K, committed 14528K, reserved 425984K
}
Event: 310.368 GC heap before
{Heap before GC invocations=64 (full 0):
 garbage-first heap   total 283648K, used 111448K [0x0000000080000000, 0x0000000100000000)
  region size 1024K, 13 young (13312K), 12 survivors (12288K)
 Metaspace       used 102746K, committed 103616K, reserved 557056K
  class space    used 14133K, committed 14528K, reserved 425984K
}
Event: 310.458 GC heap after
{Heap after GC invocations=65 (full 0):
 garbage-first heap   total 283648K, used 112039K [0x0000000080000000, 0x0000000100000000)
  region size 1024K, 2 young (2048K), 2 survivors (2048K)
 Metaspace       used 102746K, committed 103616K, reserved 557056K
  class space    used 14133K, committed 14528K, reserved 425984K
}
Event: 374.431 GC heap before
{Heap before GC invocations=65 (full 0):
 garbage-first heap   total 283648K, used 232871K [0x0000000080000000, 0x0000000100000000)
  region size 1024K, 120 young (122880K), 2 survivors (2048K)
 Metaspace       used 103280K, committed 104128K, reserved 557056K
  class space    used 14135K, committed 14528K, reserved 425984K
}
Event: 374.459 GC heap after
{Heap after GC invocations=66 (full 0):
 garbage-first heap   total 283648K, used 113832K [0x0000000080000000, 0x0000000100000000)
  region size 1024K, 4 young (4096K), 4 survivors (4096K)
 Metaspace       used 103280K, committed 104128K, reserved 557056K
  class space    used 14135K, committed 14528K, reserved 425984K
}
Event: 407.637 GC heap before
{Heap before GC invocations=67 (full 0):
 garbage-first heap   total 283648K, used 234664K [0x0000000080000000, 0x0000000100000000)
  region size 1024K, 123 young (125952K), 4 survivors (4096K)
 Metaspace       used 103492K, committed 104384K, reserved 557056K
  class space    used 14133K, committed 14528K, reserved 425984K
}
Event: 407.644 GC heap after
{Heap after GC invocations=68 (full 0):
 garbage-first heap   total 283648K, used 114343K [0x0000000080000000, 0x0000000100000000)
  region size 1024K, 4 young (4096K), 4 survivors (4096K)
 Metaspace       used 103492K, committed 104384K, reserved 557056K
  class space    used 14133K, committed 14528K, reserved 425984K
}
Event: 409.610 GC heap before
{Heap before GC invocations=68 (full 0):
 garbage-first heap   total 283648K, used 122535K [0x0000000080000000, 0x0000000100000000)
  region size 1024K, 13 young (13312K), 4 survivors (4096K)
 Metaspace       used 103492K, committed 104384K, reserved 557056K
  class space    used 14133K, committed 14528K, reserved 425984K
}
Event: 410.268 GC heap after
{Heap after GC invocations=69 (full 0):
 garbage-first heap   total 283648K, used 114537K [0x0000000080000000, 0x0000000100000000)
  region size 1024K, 1 young (1024K), 1 survivors (1024K)
 Metaspace       used 103492K, committed 104384K, reserved 557056K
  class space    used 14133K, committed 14528K, reserved 425984K
}
Event: 445.811 GC heap before
{Heap before GC invocations=69 (full 0):
 garbage-first heap   total 283648K, used 152425K [0x0000000080000000, 0x0000000100000000)
  region size 1024K, 39 young (39936K), 1 survivors (1024K)
 Metaspace       used 103592K, committed 104448K, reserved 557056K
  class space    used 14134K, committed 14528K, reserved 425984K
}
Event: 445.815 GC heap after
{Heap after GC invocations=70 (full 0):
 garbage-first heap   total 283648K, used 114347K [0x0000000080000000, 0x0000000100000000)
  region size 1024K, 1 young (1024K), 1 survivors (1024K)
 Metaspace       used 103592K, committed 104448K, reserved 557056K
  class space    used 14134K, committed 14528K, reserved 425984K
}
Event: 454.211 GC heap before
{Heap before GC invocations=71 (full 0):
 garbage-first heap   total 283648K, used 180907K [0x0000000080000000, 0x0000000100000000)
  region size 1024K, 66 young (67584K), 1 survivors (1024K)
 Metaspace       used 103773K, committed 104704K, reserved 557056K
  class space    used 14134K, committed 14528K, reserved 425984K
}
Event: 454.215 GC heap after
{Heap after GC invocations=72 (full 0):
 garbage-first heap   total 283648K, used 117374K [0x0000000080000000, 0x0000000100000000)
  region size 1024K, 3 young (3072K), 3 survivors (3072K)
 Metaspace       used 103773K, committed 104704K, reserved 557056K
  class space    used 14134K, committed 14528K, reserved 425984K
}
Event: 454.249 GC heap before
{Heap before GC invocations=72 (full 0):
 garbage-first heap   total 283648K, used 126590K [0x0000000080000000, 0x0000000100000000)
  region size 1024K, 13 young (13312K), 3 survivors (3072K)
 Metaspace       used 103784K, committed 104704K, reserved 557056K
  class space    used 14134K, committed 14528K, reserved 425984K
}
Event: 454.337 GC heap after
{Heap after GC invocations=73 (full 0):
 garbage-first heap   total 283648K, used 117387K [0x0000000080000000, 0x0000000100000000)
  region size 1024K, 1 young (1024K), 1 survivors (1024K)
 Metaspace       used 103784K, committed 104704K, reserved 557056K
  class space    used 14134K, committed 14528K, reserved 425984K
}
Event: 454.395 GC heap before
{Heap before GC invocations=73 (full 0):
 garbage-first heap   total 283648K, used 134795K [0x0000000080000000, 0x0000000100000000)
  region size 1024K, 20 young (20480K), 1 survivors (1024K)
 Metaspace       used 103789K, committed 104704K, reserved 557056K
  class space    used 14134K, committed 14528K, reserved 425984K
}

