# JRE version: OpenJDK Runtime Environment Microsoft-8902769 (17.0.10+7) (build 17.0.10+7-LTS)
# Java VM: OpenJDK 64-Bit Server VM Microsoft-8902769 (17.0.10+7-LTS, mixed mode, sharing, tiered, compressed oops, compressed class ptrs, g1 gc, windows-amd64)
GC Precious Log:
 CPUs: 8 total, 8 available
 Memory: 6081M
 Large Page Support: Disabled
 NUMA Support: Disabled
 Compressed Oops: Enabled (32-bit)
 Heap Region Size: 1M
 Heap Min Capacity: 8M
 Heap Initial Capacity: 96M
 Heap Max Capacity: 2G
 Pre-touch: Disabled
 Parallel Workers: 8
 Concurrent Workers: 2
 Concurrent Refinement Workers: 8
 Periodic GC: Disabled
Heap:
 garbage-first heap   total 249856K, used 198227K [0x0000000080000000, 0x0000000100000000)
  region size 1024K, 2 young (2048K), 2 survivors (2048K)
 Metaspace       used 102141K, committed 103488K, reserved 557056K
  class space    used 14245K, committed 14848K, reserved 425984K
GC Heap History (20 events):
Event: 182.410 GC heap after
{Heap after GC invocations=44 (full 0):
 garbage-first heap   total 249856K, used 155431K [0x0000000080000000, 0x0000000100000000)
  region size 1024K, 2 young (2048K), 2 survivors (2048K)
 Metaspace       used 92905K, committed 94016K, reserved 557056K
  class space    used 13035K, committed 13504K, reserved 425984K
}
Event: 190.659 GC heap before
{Heap before GC invocations=44 (full 0):
 garbage-first heap   total 249856K, used 197415K [0x0000000080000000, 0x0000000100000000)
  region size 1024K, 43 young (44032K), 2 survivors (2048K)
 Metaspace       used 94413K, committed 95552K, reserved 557056K
  class space    used 13230K, committed 13760K, reserved 425984K
}
Event: 190.692 GC heap after
{Heap after GC invocations=45 (full 0):
 garbage-first heap   total 249856K, used 163919K [0x0000000080000000, 0x0000000100000000)
  region size 1024K, 6 young (6144K), 6 survivors (6144K)
 Metaspace       used 94413K, committed 95552K, reserved 557056K
  class space    used 13230K, committed 13760K, reserved 425984K
}
Event: 192.938 GC heap before
{Heap before GC invocations=45 (full 0):
 garbage-first heap   total 249856K, used 201807K [0x0000000080000000, 0x0000000100000000)
  region size 1024K, 42 young (43008K), 6 survivors (6144K)
 Metaspace       used 95070K, committed 96256K, reserved 557056K
  class space    used 13309K, committed 13824K, reserved 425984K
}
Event: 192.948 GC heap after
{Heap after GC invocations=46 (full 0):
 garbage-first heap   total 249856K, used 172861K [0x0000000080000000, 0x0000000100000000)
  region size 1024K, 6 young (6144K), 6 survivors (6144K)
 Metaspace       used 95070K, committed 96256K, reserved 557056K
  class space    used 13309K, committed 13824K, reserved 425984K
}
Event: 193.647 GC heap before
{Heap before GC invocations=46 (full 0):
 garbage-first heap   total 249856K, used 204605K [0x0000000080000000, 0x0000000100000000)
  region size 1024K, 37 young (37888K), 6 survivors (6144K)
 Metaspace       used 96131K, committed 97344K, reserved 557056K
  class space    used 13445K, committed 13952K, reserved 425984K
}
Event: 193.666 GC heap after
{Heap after GC invocations=47 (full 0):
 garbage-first heap   total 249856K, used 177039K [0x0000000080000000, 0x0000000100000000)
  region size 1024K, 4 young (4096K), 4 survivors (4096K)
 Metaspace       used 96131K, committed 97344K, reserved 557056K
  class space    used 13445K, committed 13952K, reserved 425984K
}
Event: 202.297 GC heap before
{Heap before GC invocations=47 (full 0):
 garbage-first heap   total 249856K, used 206735K [0x0000000080000000, 0x0000000100000000)
  region size 1024K, 33 young (33792K), 4 survivors (4096K)
 Metaspace       used 98538K, committed 99840K, reserved 557056K
  class space    used 13829K, committed 14400K, reserved 425984K
}
Event: 202.420 GC heap after
{Heap after GC invocations=48 (full 0):
 garbage-first heap   total 249856K, used 178563K [0x0000000080000000, 0x0000000100000000)
  region size 1024K, 2 young (2048K), 2 survivors (2048K)
 Metaspace       used 98538K, committed 99840K, reserved 557056K
  class space    used 13829K, committed 14400K, reserved 425984K
}
Event: 210.258 GC heap before
{Heap before GC invocations=48 (full 0):
 garbage-first heap   total 249856K, used 209283K [0x0000000080000000, 0x0000000100000000)
  region size 1024K, 32 young (32768K), 2 survivors (2048K)
 Metaspace       used 100154K, committed 101440K, reserved 557056K
  class space    used 14026K, committed 14592K, reserved 425984K
}
Event: 210.353 GC heap after
{Heap after GC invocations=49 (full 0):
 garbage-first heap   total 249856K, used 181916K [0x0000000080000000, 0x0000000100000000)
  region size 1024K, 4 young (4096K), 4 survivors (4096K)
 Metaspace       used 100154K, committed 101440K, reserved 557056K
  class space    used 14026K, committed 14592K, reserved 425984K
}
Event: 212.920 GC heap before
{Heap before GC invocations=49 (full 0):
 garbage-first heap   total 249856K, used 211612K [0x0000000080000000, 0x0000000100000000)
  region size 1024K, 33 young (33792K), 4 survivors (4096K)
 Metaspace       used 101138K, committed 102400K, reserved 557056K
  class space    used 14149K, committed 14720K, reserved 425984K
}
Event: 213.085 GC heap after
{Heap after GC invocations=50 (full 0):
 garbage-first heap   total 249856K, used 187707K [0x0000000080000000, 0x0000000100000000)
  region size 1024K, 5 young (5120K), 5 survivors (5120K)
 Metaspace       used 101138K, committed 102400K, reserved 557056K
  class space    used 14149K, committed 14720K, reserved 425984K
}
Event: 213.481 GC heap before
{Heap before GC invocations=50 (full 0):
 garbage-first heap   total 249856K, used 211259K [0x0000000080000000, 0x0000000100000000)
  region size 1024K, 28 young (28672K), 5 survivors (5120K)
 Metaspace       used 101840K, committed 103104K, reserved 557056K
  class space    used 14238K, committed 14784K, reserved 425984K
}
Event: 213.664 GC heap after
{Heap after GC invocations=51 (full 0):
 garbage-first heap   total 249856K, used 191715K [0x0000000080000000, 0x0000000100000000)
  region size 1024K, 4 young (4096K), 4 survivors (4096K)
 Metaspace       used 101840K, committed 103104K, reserved 557056K
  class space    used 14238K, committed 14784K, reserved 425984K
}
Event: 213.987 GC heap before
{Heap before GC invocations=51 (full 0):
 garbage-first heap   total 249856K, used 213219K [0x0000000080000000, 0x0000000100000000)
  region size 1024K, 25 young (25600K), 4 survivors (4096K)
 Metaspace       used 101995K, committed 103360K, reserved 557056K
  class space    used 14245K, committed 14848K, reserved 425984K
}
Event: 214.120 GC heap after
{Heap after GC invocations=52 (full 0):
 garbage-first heap   total 249856K, used 194217K [0x0000000080000000, 0x0000000100000000)
  region size 1024K, 3 young (3072K), 3 survivors (3072K)
 Metaspace       used 101995K, committed 103360K, reserved 557056K
  class space    used 14245K, committed 14848K, reserved 425984K
}
Event: 214.350 GC heap before
{Heap before GC invocations=52 (full 0):
 garbage-first heap   total 249856K, used 213673K [0x0000000080000000, 0x0000000100000000)
  region size 1024K, 22 young (22528K), 3 survivors (3072K)
 Metaspace       used 102084K, committed 103424K, reserved 557056K
  class space    used 14245K, committed 14848K, reserved 425984K
}
Event: 214.459 GC heap after
{Heap after GC invocations=53 (full 0):
 garbage-first heap   total 249856K, used 196648K [0x0000000080000000, 0x0000000100000000)
  region size 1024K, 3 young (3072K), 3 survivors (3072K)
 Metaspace       used 102084K, committed 103424K, reserved 557056K
  class space    used 14245K, committed 14848K, reserved 425984K
}
Event: 214.651 GC heap before
{Heap before GC invocations=53 (full 0):
 garbage-first heap   total 249856K, used 215080K [0x0000000080000000, 0x0000000100000000)
  region size 1024K, 21 young (21504K), 3 survivors (3072K)
 Metaspace       used 102141K, committed 103488K, reserved 557056K
  class space    used 14245K, committed 14848K, reserved 425984K
}

