# JRE version: OpenJDK Runtime Environment Microsoft-8902769 (17.0.10+7) (build 17.0.10+7-LTS)
# Java VM: OpenJDK 64-Bit Server VM Microsoft-8902769 (17.0.10+7-LTS, mixed mode, sharing, tiered, compressed oops, compressed class ptrs, g1 gc, windows-amd64)
GC Precious Log:
 CPUs: 8 total, 8 available
 Memory: 6081M
 Large Page Support: Disabled
 NUMA Support: Disabled
 Compressed Oops: Enabled (32-bit)
 Heap Region Size: 1M
 Heap Min Capacity: 8M
 Heap Initial Capacity: 96M
 Heap Max Capacity: 2G
 Pre-touch: Disabled
 Parallel Workers: 8
 Concurrent Workers: 2
 Concurrent Refinement Workers: 8
 Periodic GC: Disabled
Heap:
 garbage-first heap   total 379904K, used 204597K [0x0000000080000000, 0x0000000100000000)
  region size 1024K, 9 young (9216K), 8 survivors (8192K)
 Metaspace       used 103015K, committed 104320K, reserved 557056K
  class space    used 14328K, committed 14912K, reserved 425984K
GC Heap History (20 events):
Event: 258.888 GC heap before
{Heap before GC invocations=71 (full 0):
 garbage-first heap   total 201728K, used 177468K [0x0000000080000000, 0x0000000100000000)
  region size 1024K, 9 young (9216K), 1 survivors (1024K)
 Metaspace       used 95039K, committed 96128K, reserved 557056K
  class space    used 13269K, committed 13760K, reserved 425984K
}
Event: 258.892 GC heap after
{Heap after GC invocations=72 (full 0):
 garbage-first heap   total 201728K, used 170143K [0x0000000080000000, 0x0000000100000000)
  region size 1024K, 2 young (2048K), 2 survivors (2048K)
 Metaspace       used 95039K, committed 96128K, reserved 557056K
  class space    used 13269K, committed 13760K, reserved 425984K
}
Event: 259.161 GC heap before
{Heap before GC invocations=72 (full 0):
 garbage-first heap   total 201728K, used 177311K [0x0000000080000000, 0x0000000100000000)
  region size 1024K, 9 young (9216K), 2 survivors (2048K)
 Metaspace       used 95193K, committed 96320K, reserved 557056K
  class space    used 13291K, committed 13760K, reserved 425984K
}
Event: 259.167 GC heap after
{Heap after GC invocations=73 (full 0):
 garbage-first heap   total 201728K, used 172351K [0x0000000080000000, 0x0000000100000000)
  region size 1024K, 2 young (2048K), 2 survivors (2048K)
 Metaspace       used 95193K, committed 96320K, reserved 557056K
  class space    used 13291K, committed 13760K, reserved 425984K
}
Event: 259.271 GC heap before
{Heap before GC invocations=73 (full 0):
 garbage-first heap   total 201728K, used 178495K [0x0000000080000000, 0x0000000100000000)
  region size 1024K, 9 young (9216K), 2 survivors (2048K)
 Metaspace       used 95201K, committed 96320K, reserved 557056K
  class space    used 13291K, committed 13760K, reserved 425984K
}
Event: 259.276 GC heap after
{Heap after GC invocations=74 (full 0):
 garbage-first heap   total 201728K, used 173382K [0x0000000080000000, 0x0000000100000000)
  region size 1024K, 1 young (1024K), 1 survivors (1024K)
 Metaspace       used 95201K, committed 96320K, reserved 557056K
  class space    used 13291K, committed 13760K, reserved 425984K
}
Event: 259.330 GC heap before
{Heap before GC invocations=74 (full 0):
 garbage-first heap   total 201728K, used 176454K [0x0000000080000000, 0x0000000100000000)
  region size 1024K, 5 young (5120K), 1 survivors (1024K)
 Metaspace       used 95231K, committed 96320K, reserved 557056K
  class space    used 13295K, committed 13760K, reserved 425984K
}
Event: 259.333 GC heap after
{Heap after GC invocations=75 (full 0):
 garbage-first heap   total 201728K, used 174098K [0x0000000080000000, 0x0000000100000000)
  region size 1024K, 2 young (2048K), 2 survivors (2048K)
 Metaspace       used 95231K, committed 96320K, reserved 557056K
  class space    used 13295K, committed 13760K, reserved 425984K
}
Event: 259.489 GC heap before
{Heap before GC invocations=75 (full 0):
 garbage-first heap   total 201728K, used 182290K [0x0000000080000000, 0x0000000100000000)
  region size 1024K, 9 young (9216K), 2 survivors (2048K)
 Metaspace       used 95284K, committed 96448K, reserved 557056K
  class space    used 13304K, committed 13824K, reserved 425984K
}
Event: 259.493 GC heap after
{Heap after GC invocations=76 (full 0):
 garbage-first heap   total 201728K, used 178918K [0x0000000080000000, 0x0000000100000000)
  region size 1024K, 2 young (2048K), 2 survivors (2048K)
 Metaspace       used 95284K, committed 96448K, reserved 557056K
  class space    used 13304K, committed 13824K, reserved 425984K
}
Event: 259.717 GC heap before
{Heap before GC invocations=77 (full 0):
 garbage-first heap   total 302080K, used 186086K [0x0000000080000000, 0x0000000100000000)
  region size 1024K, 9 young (9216K), 2 survivors (2048K)
 Metaspace       used 95406K, committed 96512K, reserved 557056K
  class space    used 13318K, committed 13824K, reserved 425984K
}
Event: 259.720 GC heap after
{Heap after GC invocations=78 (full 0):
 garbage-first heap   total 302080K, used 180168K [0x0000000080000000, 0x0000000100000000)
  region size 1024K, 2 young (2048K), 2 survivors (2048K)
 Metaspace       used 95406K, committed 96512K, reserved 557056K
  class space    used 13318K, committed 13824K, reserved 425984K
}
Event: 260.518 GC heap before
{Heap before GC invocations=78 (full 0):
 garbage-first heap   total 302080K, used 192456K [0x0000000080000000, 0x0000000100000000)
  region size 1024K, 14 young (14336K), 2 survivors (2048K)
 Metaspace       used 95705K, committed 96832K, reserved 557056K
  class space    used 13356K, committed 13824K, reserved 425984K
}
Event: 260.525 GC heap after
{Heap after GC invocations=79 (full 0):
 garbage-first heap   total 379904K, used 179404K [0x0000000080000000, 0x0000000100000000)
  region size 1024K, 2 young (2048K), 2 survivors (2048K)
 Metaspace       used 95705K, committed 96832K, reserved 557056K
  class space    used 13356K, committed 13824K, reserved 425984K
}
Event: 306.403 GC heap before
{Heap before GC invocations=79 (full 0):
 garbage-first heap   total 379904K, used 300236K [0x0000000080000000, 0x0000000100000000)
  region size 1024K, 120 young (122880K), 2 survivors (2048K)
 Metaspace       used 101889K, committed 103104K, reserved 557056K
  class space    used 14225K, committed 14784K, reserved 425984K
}
Event: 307.849 GC heap after
{Heap after GC invocations=80 (full 0):
 garbage-first heap   total 379904K, used 190668K [0x0000000080000000, 0x0000000100000000)
  region size 1024K, 13 young (13312K), 13 survivors (13312K)
 Metaspace       used 101889K, committed 103104K, reserved 557056K
  class space    used 14225K, committed 14784K, reserved 425984K
}
Event: 318.523 GC heap before
{Heap before GC invocations=80 (full 0):
 garbage-first heap   total 379904K, used 241868K [0x0000000080000000, 0x0000000100000000)
  region size 1024K, 63 young (64512K), 13 survivors (13312K)
 Metaspace       used 102236K, committed 103424K, reserved 557056K
  class space    used 14247K, committed 14784K, reserved 425984K
}
Event: 319.162 GC heap after
{Heap after GC invocations=81 (full 0):
 garbage-first heap   total 379904K, used 196365K [0x0000000080000000, 0x0000000100000000)
  region size 1024K, 6 young (6144K), 6 survivors (6144K)
 Metaspace       used 102236K, committed 103424K, reserved 557056K
  class space    used 14247K, committed 14784K, reserved 425984K
}
Event: 319.755 GC heap before
{Heap before GC invocations=81 (full 0):
 garbage-first heap   total 379904K, used 208653K [0x0000000080000000, 0x0000000100000000)
  region size 1024K, 18 young (18432K), 6 survivors (6144K)
 Metaspace       used 102281K, committed 103488K, reserved 557056K
  class space    used 14248K, committed 14784K, reserved 425984K
}
Event: 319.801 GC heap after
{Heap after GC invocations=82 (full 0):
 garbage-first heap   total 379904K, used 198453K [0x0000000080000000, 0x0000000100000000)
  region size 1024K, 2 young (2048K), 2 survivors (2048K)
 Metaspace       used 102281K, committed 103488K, reserved 557056K
  class space    used 14248K, committed 14784K, reserved 425984K
}

